Info: ili2c-4.5.23-20160708
Info: java.version 1.8.0_111
Info: user.name <stefan>
Info: maxMemory 7298560 KB
Info: dbschema <av_avdpool_lu>
Info: dburl <jdbc:postgresql://localhost:5432/xanadu2>
Info: dbusr <stefan>
Info: databaseProduct <PostgreSQL>
Info: databaseVersion <9.3.15>
Info: driverVersion <PostgreSQL 9.4.1208.jre6>
Info: postGISVersion <POSTGIS="2.2.2 r14797" GEOS="3.5.0-CAPI-1.9.0 r4084" PROJ="Rel. 4.8.0, 6 March 2012" GDAL="GDAL 2.2.0dev, released 2016/99/99" LIBXML="2.9.1" LIBJSON="0.11.99" RASTER>
Info: compile models...
Info: lookup model <DM01AVCH24LV95D> in repository <http://models.interlis.ch/>
Info: lookup model <DM01AVCH24LV95D> in repository <http://models.geo.admin.ch>
Info: ilifile </home/stefan/.ilicache/models.geo.admin.ch/V_D/DM.01-AV-CH_LV95_24d_ili1.ili>
Info: process data file...
Info: data </home/stefan/tmp/DM01_KT_LU/a_horw.ITF>
Info: Basket DM01AVCH24LV95D.FixpunkteKategorie1(oid itf0)...
Info: Basket DM01AVCH24LV95D.FixpunkteKategorie2(oid itf1)...
Info: Basket DM01AVCH24LV95D.FixpunkteKategorie3(oid itf2)...
Info: Basket DM01AVCH24LV95D.Bodenbedeckung(oid itf3)...
Info: Basket DM01AVCH24LV95D.Einzelobjekte(oid itf4)...
Info: Basket DM01AVCH24LV95D.Hoehen(oid itf5)...
Info: Basket DM01AVCH24LV95D.Nomenklatur(oid itf6)...
Info: Basket DM01AVCH24LV95D.Liegenschaften(oid itf7)...
Info: Basket DM01AVCH24LV95D.Rohrleitungen(oid itf8)...
Info: Basket DM01AVCH24LV95D.Nummerierungsbereiche(oid itf9)...
Info: Basket DM01AVCH24LV95D.Gemeindegrenzen(oid itf10)...
Info: Basket DM01AVCH24LV95D.Bezirksgrenzen(oid itf11)...
Info: Basket DM01AVCH24LV95D.Kantonsgrenzen(oid itf12)...
Info: Basket DM01AVCH24LV95D.Landesgrenzen(oid itf13)...
Info: Basket DM01AVCH24LV95D.Planeinteilungen(oid itf14)...
Info: Basket DM01AVCH24LV95D.TSEinteilung(oid itf15)...
Info: Basket DM01AVCH24LV95D.Rutschgebiete(oid itf16)...
Info: Basket DM01AVCH24LV95D.PLZOrtschaft(oid itf17)...
Info: Basket DM01AVCH24LV95D.Gebaeudeadressen(oid itf18)...
Info: Basket DM01AVCH24LV95D.Planrahmen(oid itf19)...
Info: a_horw.ITF: DM01AVCH24LV95D.Bezirksgrenzen
Info:       1 objects in CLASS DM01AVCH24LV95D.Bezirksgrenzen.Bezirksgrenzabschnitt
Info: a_horw.ITF: DM01AVCH24LV95D.Bodenbedeckung
Info:     204 objects in CLASS DM01AVCH24LV95D.Bodenbedeckung.BBNachfuehrung
Info:    9523 objects in CLASS DM01AVCH24LV95D.Bodenbedeckung.BoFlaeche
Info:     389 objects in CLASS DM01AVCH24LV95D.Bodenbedeckung.BoFlaecheSymbol
Info:   50845 objects in CLASS DM01AVCH24LV95D.Bodenbedeckung.Einzelpunkt
Info:   30488 objects in CLASS DM01AVCH24LV95D.Bodenbedeckung.EinzelpunktPos
Info:    2817 objects in CLASS DM01AVCH24LV95D.Bodenbedeckung.Gebaeudenummer
Info:    2817 objects in CLASS DM01AVCH24LV95D.Bodenbedeckung.GebaeudenummerPos
Info:     173 objects in CLASS DM01AVCH24LV95D.Bodenbedeckung.Objektname
Info:     182 objects in CLASS DM01AVCH24LV95D.Bodenbedeckung.ObjektnamePos
Info:      52 objects in CLASS DM01AVCH24LV95D.Bodenbedeckung.ProjBoFlaeche
Info:      47 objects in CLASS DM01AVCH24LV95D.Bodenbedeckung.ProjGebaeudenummer
Info:      47 objects in CLASS DM01AVCH24LV95D.Bodenbedeckung.ProjGebaeudenummerPos
Info: a_horw.ITF: DM01AVCH24LV95D.Einzelobjekte
Info:     193 objects in CLASS DM01AVCH24LV95D.Einzelobjekte.EONachfuehrung
Info:   10175 objects in CLASS DM01AVCH24LV95D.Einzelobjekte.Einzelobjekt
Info:   12920 objects in CLASS DM01AVCH24LV95D.Einzelobjekte.Einzelpunkt
Info:   10473 objects in CLASS DM01AVCH24LV95D.Einzelobjekte.EinzelpunktPos
Info:    2167 objects in CLASS DM01AVCH24LV95D.Einzelobjekte.Flaechenelement
Info:   25856 objects in CLASS DM01AVCH24LV95D.Einzelobjekte.Linienelement
Info:     153 objects in CLASS DM01AVCH24LV95D.Einzelobjekte.LinienelementSymbol
Info:      27 objects in CLASS DM01AVCH24LV95D.Einzelobjekte.Objektname
Info:      38 objects in CLASS DM01AVCH24LV95D.Einzelobjekte.ObjektnamePos
Info:     488 objects in CLASS DM01AVCH24LV95D.Einzelobjekte.Objektnummer
Info:     487 objects in CLASS DM01AVCH24LV95D.Einzelobjekte.ObjektnummerPos
Info:      23 objects in CLASS DM01AVCH24LV95D.Einzelobjekte.Punktelement
Info: a_horw.ITF: DM01AVCH24LV95D.FixpunkteKategorie1
Info:      10 objects in CLASS DM01AVCH24LV95D.FixpunkteKategorie1.HFP1
Info:       2 objects in CLASS DM01AVCH24LV95D.FixpunkteKategorie1.HFP1Nachfuehrung
Info:      10 objects in CLASS DM01AVCH24LV95D.FixpunkteKategorie1.HFP1Pos
Info: a_horw.ITF: DM01AVCH24LV95D.FixpunkteKategorie2
Info:       2 objects in CLASS DM01AVCH24LV95D.FixpunkteKategorie2.HFP2Nachfuehrung
Info:       7 objects in CLASS DM01AVCH24LV95D.FixpunkteKategorie2.LFP2
Info:       3 objects in CLASS DM01AVCH24LV95D.FixpunkteKategorie2.LFP2Nachfuehrung
Info:       7 objects in CLASS DM01AVCH24LV95D.FixpunkteKategorie2.LFP2Pos
Info:       7 objects in CLASS DM01AVCH24LV95D.FixpunkteKategorie2.LFP2Symbol
Info: a_horw.ITF: DM01AVCH24LV95D.FixpunkteKategorie3
Info:    2717 objects in CLASS DM01AVCH24LV95D.FixpunkteKategorie3.LFP3
Info:      69 objects in CLASS DM01AVCH24LV95D.FixpunkteKategorie3.LFP3Nachfuehrung
Info:    2717 objects in CLASS DM01AVCH24LV95D.FixpunkteKategorie3.LFP3Pos
Info:    2717 objects in CLASS DM01AVCH24LV95D.FixpunkteKategorie3.LFP3Symbol
Info: a_horw.ITF: DM01AVCH24LV95D.Gebaeudeadressen
Info:      45 objects in CLASS DM01AVCH24LV95D.Gebaeudeadressen.BenanntesGebiet
Info:     225 objects in CLASS DM01AVCH24LV95D.Gebaeudeadressen.GEBNachfuehrung
Info:    2357 objects in CLASS DM01AVCH24LV95D.Gebaeudeadressen.Gebaeudeeingang
Info:    2185 objects in CLASS DM01AVCH24LV95D.Gebaeudeadressen.HausnummerPos
Info:     253 objects in CLASS DM01AVCH24LV95D.Gebaeudeadressen.Lokalisation
Info:     253 objects in CLASS DM01AVCH24LV95D.Gebaeudeadressen.LokalisationsName
Info:     471 objects in CLASS DM01AVCH24LV95D.Gebaeudeadressen.LokalisationsNamePos
Info:     434 objects in CLASS DM01AVCH24LV95D.Gebaeudeadressen.Strassenstueck
Info: a_horw.ITF: DM01AVCH24LV95D.Gemeindegrenzen
Info:      16 objects in CLASS DM01AVCH24LV95D.Gemeindegrenzen.GEMNachfuehrung
Info:       1 objects in CLASS DM01AVCH24LV95D.Gemeindegrenzen.Gemeinde
Info:       1 objects in CLASS DM01AVCH24LV95D.Gemeindegrenzen.Gemeindegrenze
Info:     697 objects in CLASS DM01AVCH24LV95D.Gemeindegrenzen.Hoheitsgrenzpunkt
Info:     697 objects in CLASS DM01AVCH24LV95D.Gemeindegrenzen.HoheitsgrenzpunktPos
Info:     696 objects in CLASS DM01AVCH24LV95D.Gemeindegrenzen.HoheitsgrenzpunktSymbol
Info: a_horw.ITF: DM01AVCH24LV95D.Hoehen
Info: a_horw.ITF: DM01AVCH24LV95D.Kantonsgrenzen
Info:       1 objects in CLASS DM01AVCH24LV95D.Kantonsgrenzen.Kantonsgrenzabschnitt
Info: a_horw.ITF: DM01AVCH24LV95D.Landesgrenzen
Info: a_horw.ITF: DM01AVCH24LV95D.Liegenschaften
Info:   20912 objects in CLASS DM01AVCH24LV95D.Liegenschaften.Grenzpunkt
Info:   20912 objects in CLASS DM01AVCH24LV95D.Liegenschaften.GrenzpunktPos
Info:   20912 objects in CLASS DM01AVCH24LV95D.Liegenschaften.GrenzpunktSymbol
Info:    2880 objects in CLASS DM01AVCH24LV95D.Liegenschaften.Grundstueck
Info:    3160 objects in CLASS DM01AVCH24LV95D.Liegenschaften.GrundstueckPos
Info:     615 objects in CLASS DM01AVCH24LV95D.Liegenschaften.LSNachfuehrung
Info:    2807 objects in CLASS DM01AVCH24LV95D.Liegenschaften.Liegenschaft
Info:      32 objects in CLASS DM01AVCH24LV95D.Liegenschaften.ProjGrundstueck
Info:      86 objects in CLASS DM01AVCH24LV95D.Liegenschaften.ProjGrundstueckPos
Info:      29 objects in CLASS DM01AVCH24LV95D.Liegenschaften.ProjLiegenschaft
Info:       3 objects in CLASS DM01AVCH24LV95D.Liegenschaften.ProjSelbstRecht
Info:      73 objects in CLASS DM01AVCH24LV95D.Liegenschaften.SelbstRecht
Info: a_horw.ITF: DM01AVCH24LV95D.Nomenklatur
Info:     179 objects in CLASS DM01AVCH24LV95D.Nomenklatur.Flurname
Info:     182 objects in CLASS DM01AVCH24LV95D.Nomenklatur.FlurnamePos
Info:       1 objects in CLASS DM01AVCH24LV95D.Nomenklatur.Gelaendename
Info:       1 objects in CLASS DM01AVCH24LV95D.Nomenklatur.GelaendenamePos
Info:      15 objects in CLASS DM01AVCH24LV95D.Nomenklatur.NKNachfuehrung
Info: a_horw.ITF: DM01AVCH24LV95D.Nummerierungsbereiche
Info:      11 objects in CLASS DM01AVCH24LV95D.Nummerierungsbereiche.NBGeometrie
Info:      11 objects in CLASS DM01AVCH24LV95D.Nummerierungsbereiche.Nummerierungsbereich
Info:      12 objects in CLASS DM01AVCH24LV95D.Nummerierungsbereiche.NummerierungsbereichPos
Info: a_horw.ITF: DM01AVCH24LV95D.PLZOrtschaft
Info:       1 objects in CLASS DM01AVCH24LV95D.PLZOrtschaft.OSNachfuehrung
Info:       5 objects in CLASS DM01AVCH24LV95D.PLZOrtschaft.Ortschaft
Info:       5 objects in CLASS DM01AVCH24LV95D.PLZOrtschaft.OrtschaftsName
Info:       5 objects in CLASS DM01AVCH24LV95D.PLZOrtschaft.OrtschaftsName_Pos
Info:       1 objects in CLASS DM01AVCH24LV95D.PLZOrtschaft.OrtschaftsVerbund
Info:       1 objects in CLASS DM01AVCH24LV95D.PLZOrtschaft.OrtschaftsVerbundText
Info:       5 objects in CLASS DM01AVCH24LV95D.PLZOrtschaft.PLZ6
Info:       1 objects in CLASS DM01AVCH24LV95D.PLZOrtschaft.PLZ6Nachfuehrung
Info: a_horw.ITF: DM01AVCH24LV95D.Planeinteilungen
Info:      80 objects in CLASS DM01AVCH24LV95D.Planeinteilungen.Plan
Info:      82 objects in CLASS DM01AVCH24LV95D.Planeinteilungen.PlanPos
Info:      80 objects in CLASS DM01AVCH24LV95D.Planeinteilungen.Plangeometrie
Info: a_horw.ITF: DM01AVCH24LV95D.Planrahmen
Info:      79 objects in CLASS DM01AVCH24LV95D.Planrahmen.Darstellungsflaeche
Info:      79 objects in CLASS DM01AVCH24LV95D.Planrahmen.PlanLayout
Info:      94 objects in CLASS DM01AVCH24LV95D.Planrahmen.PlanLayoutSymbol
Info:     542 objects in CLASS DM01AVCH24LV95D.Planrahmen.Planbeschriftung
Info:     537 objects in CLASS DM01AVCH24LV95D.Planrahmen.PlanbeschriftungPos
Info: a_horw.ITF: DM01AVCH24LV95D.Rohrleitungen
Info: a_horw.ITF: DM01AVCH24LV95D.Rutschgebiete
Info: a_horw.ITF: DM01AVCH24LV95D.TSEinteilung
Info:       5 objects in CLASS DM01AVCH24LV95D.TSEinteilung.Toleranzstufe
Info:       5 objects in CLASS DM01AVCH24LV95D.TSEinteilung.ToleranzstufePos
Info: ...import done
