Info: ili2c-4.5.23-20160708
Info: java.version 1.8.0_111
Info: user.name <stefan>
Info: maxMemory 7298560 KB
Info: dbschema <av_avdpool_lu>
Info: dburl <jdbc:postgresql://localhost:5432/xanadu2>
Info: dbusr <stefan>
Info: databaseProduct <PostgreSQL>
Info: databaseVersion <9.3.15>
Info: driverVersion <PostgreSQL 9.4.1208.jre6>
Info: postGISVersion <POSTGIS="2.2.2 r14797" GEOS="3.5.0-CAPI-1.9.0 r4084" PROJ="Rel. 4.8.0, 6 March 2012" GDAL="GDAL 2.2.0dev, released 2016/99/99" LIBXML="2.9.1" LIBJSON="0.11.99" RASTER>
Info: compile models...
Info: lookup model <DM01AVCH24LV95D> in repository <http://models.interlis.ch/>
Info: lookup model <DM01AVCH24LV95D> in repository <http://models.geo.admin.ch>
Info: ilifile </home/stefan/.ilicache/models.geo.admin.ch/V_D/DM.01-AV-CH_LV95_24d_ili1.ili>
Info: process data file...
Info: data </home/stefan/tmp/DM01_KT_LU/b_gisi.itf>
Info: Basket DM01AVCH24LV95D.FixpunkteKategorie1(oid itf0)...
Info: Basket DM01AVCH24LV95D.FixpunkteKategorie2(oid itf1)...
Info: Basket DM01AVCH24LV95D.FixpunkteKategorie3(oid itf2)...
Info: Basket DM01AVCH24LV95D.Bodenbedeckung(oid itf3)...
Info: Basket DM01AVCH24LV95D.Einzelobjekte(oid itf4)...
Info: Basket DM01AVCH24LV95D.Hoehen(oid itf5)...
Info: Basket DM01AVCH24LV95D.Nomenklatur(oid itf6)...
Info: Basket DM01AVCH24LV95D.Liegenschaften(oid itf7)...
Info: Basket DM01AVCH24LV95D.Rohrleitungen(oid itf8)...
Info: Basket DM01AVCH24LV95D.Nummerierungsbereiche(oid itf9)...
Info: Basket DM01AVCH24LV95D.Gemeindegrenzen(oid itf10)...
Info: Basket DM01AVCH24LV95D.Bezirksgrenzen(oid itf11)...
Info: Basket DM01AVCH24LV95D.Kantonsgrenzen(oid itf12)...
Info: Basket DM01AVCH24LV95D.Landesgrenzen(oid itf13)...
Info: Basket DM01AVCH24LV95D.Planeinteilungen(oid itf14)...
Info: Basket DM01AVCH24LV95D.TSEinteilung(oid itf15)...
Info: Basket DM01AVCH24LV95D.Rutschgebiete(oid itf16)...
Info: Basket DM01AVCH24LV95D.PLZOrtschaft(oid itf17)...
Info: Basket DM01AVCH24LV95D.Gebaeudeadressen(oid itf18)...
Info: Basket DM01AVCH24LV95D.Planrahmen(oid itf19)...
Info: b_gisi.itf: DM01AVCH24LV95D.Bezirksgrenzen
Info:       3 objects in CLASS DM01AVCH24LV95D.Bezirksgrenzen.Bezirksgrenzabschnitt
Info: b_gisi.itf: DM01AVCH24LV95D.Bodenbedeckung
Info:      48 objects in CLASS DM01AVCH24LV95D.Bodenbedeckung.BBNachfuehrung
Info:     957 objects in CLASS DM01AVCH24LV95D.Bodenbedeckung.BoFlaeche
Info:      35 objects in CLASS DM01AVCH24LV95D.Bodenbedeckung.BoFlaecheSymbol
Info:    3107 objects in CLASS DM01AVCH24LV95D.Bodenbedeckung.Einzelpunkt
Info:    3107 objects in CLASS DM01AVCH24LV95D.Bodenbedeckung.EinzelpunktPos
Info:     320 objects in CLASS DM01AVCH24LV95D.Bodenbedeckung.Gebaeudenummer
Info:     320 objects in CLASS DM01AVCH24LV95D.Bodenbedeckung.GebaeudenummerPos
Info:      14 objects in CLASS DM01AVCH24LV95D.Bodenbedeckung.Objektname
Info:      14 objects in CLASS DM01AVCH24LV95D.Bodenbedeckung.ObjektnamePos
Info:      19 objects in CLASS DM01AVCH24LV95D.Bodenbedeckung.ProjBoFlaeche
Info:      24 objects in CLASS DM01AVCH24LV95D.Bodenbedeckung.ProjGebaeudenummer
Info:      24 objects in CLASS DM01AVCH24LV95D.Bodenbedeckung.ProjGebaeudenummerPos
Info: b_gisi.itf: DM01AVCH24LV95D.Einzelobjekte
Info:      42 objects in CLASS DM01AVCH24LV95D.Einzelobjekte.EONachfuehrung
Info:    1307 objects in CLASS DM01AVCH24LV95D.Einzelobjekte.Einzelobjekt
Info:     968 objects in CLASS DM01AVCH24LV95D.Einzelobjekte.Einzelpunkt
Info:     968 objects in CLASS DM01AVCH24LV95D.Einzelobjekte.EinzelpunktPos
Info:     174 objects in CLASS DM01AVCH24LV95D.Einzelobjekte.Flaechenelement
Info:    4133 objects in CLASS DM01AVCH24LV95D.Einzelobjekte.Linienelement
Info:       2 objects in CLASS DM01AVCH24LV95D.Einzelobjekte.LinienelementSymbol
Info:      25 objects in CLASS DM01AVCH24LV95D.Einzelobjekte.Objektname
Info:      25 objects in CLASS DM01AVCH24LV95D.Einzelobjekte.ObjektnamePos
Info:      44 objects in CLASS DM01AVCH24LV95D.Einzelobjekte.Objektnummer
Info:      44 objects in CLASS DM01AVCH24LV95D.Einzelobjekte.ObjektnummerPos
Info:      19 objects in CLASS DM01AVCH24LV95D.Einzelobjekte.Punktelement
Info: b_gisi.itf: DM01AVCH24LV95D.FixpunkteKategorie1
Info:       2 objects in CLASS DM01AVCH24LV95D.FixpunkteKategorie1.HFP1
Info:       1 objects in CLASS DM01AVCH24LV95D.FixpunkteKategorie1.HFP1Nachfuehrung
Info:       2 objects in CLASS DM01AVCH24LV95D.FixpunkteKategorie1.HFP1Pos
Info: b_gisi.itf: DM01AVCH24LV95D.FixpunkteKategorie2
Info:       1 objects in CLASS DM01AVCH24LV95D.FixpunkteKategorie2.LFP2
Info:       1 objects in CLASS DM01AVCH24LV95D.FixpunkteKategorie2.LFP2Nachfuehrung
Info:       1 objects in CLASS DM01AVCH24LV95D.FixpunkteKategorie2.LFP2Pos
Info:       1 objects in CLASS DM01AVCH24LV95D.FixpunkteKategorie2.LFP2Symbol
Info: b_gisi.itf: DM01AVCH24LV95D.FixpunkteKategorie3
Info:     242 objects in CLASS DM01AVCH24LV95D.FixpunkteKategorie3.LFP3
Info:      11 objects in CLASS DM01AVCH24LV95D.FixpunkteKategorie3.LFP3Nachfuehrung
Info:     242 objects in CLASS DM01AVCH24LV95D.FixpunkteKategorie3.LFP3Pos
Info:     242 objects in CLASS DM01AVCH24LV95D.FixpunkteKategorie3.LFP3Symbol
Info: b_gisi.itf: DM01AVCH24LV95D.Gebaeudeadressen
Info:       9 objects in CLASS DM01AVCH24LV95D.Gebaeudeadressen.BenanntesGebiet
Info:      22 objects in CLASS DM01AVCH24LV95D.Gebaeudeadressen.GEBNachfuehrung
Info:     314 objects in CLASS DM01AVCH24LV95D.Gebaeudeadressen.Gebaeudeeingang
Info:     304 objects in CLASS DM01AVCH24LV95D.Gebaeudeadressen.HausnummerPos
Info:      31 objects in CLASS DM01AVCH24LV95D.Gebaeudeadressen.Lokalisation
Info:      31 objects in CLASS DM01AVCH24LV95D.Gebaeudeadressen.LokalisationsName
Info:      41 objects in CLASS DM01AVCH24LV95D.Gebaeudeadressen.LokalisationsNamePos
Info:      54 objects in CLASS DM01AVCH24LV95D.Gebaeudeadressen.Strassenstueck
Info: b_gisi.itf: DM01AVCH24LV95D.Gemeindegrenzen
Info:       6 objects in CLASS DM01AVCH24LV95D.Gemeindegrenzen.GEMNachfuehrung
Info:       1 objects in CLASS DM01AVCH24LV95D.Gemeindegrenzen.Gemeinde
Info:       1 objects in CLASS DM01AVCH24LV95D.Gemeindegrenzen.Gemeindegrenze
Info:       7 objects in CLASS DM01AVCH24LV95D.Gemeindegrenzen.Hoheitsgrenzpunkt
Info:       7 objects in CLASS DM01AVCH24LV95D.Gemeindegrenzen.HoheitsgrenzpunktPos
Info:       7 objects in CLASS DM01AVCH24LV95D.Gemeindegrenzen.HoheitsgrenzpunktSymbol
Info: b_gisi.itf: DM01AVCH24LV95D.Hoehen
Info: b_gisi.itf: DM01AVCH24LV95D.Kantonsgrenzen
Info: b_gisi.itf: DM01AVCH24LV95D.Landesgrenzen
Info: b_gisi.itf: DM01AVCH24LV95D.Liegenschaften
Info:    2100 objects in CLASS DM01AVCH24LV95D.Liegenschaften.Grenzpunkt
Info:    2100 objects in CLASS DM01AVCH24LV95D.Liegenschaften.GrenzpunktPos
Info:    2100 objects in CLASS DM01AVCH24LV95D.Liegenschaften.GrenzpunktSymbol
Info:     359 objects in CLASS DM01AVCH24LV95D.Liegenschaften.Grundstueck
Info:     381 objects in CLASS DM01AVCH24LV95D.Liegenschaften.GrundstueckPos
Info:     221 objects in CLASS DM01AVCH24LV95D.Liegenschaften.LSNachfuehrung
Info:     356 objects in CLASS DM01AVCH24LV95D.Liegenschaften.Liegenschaft
Info:       6 objects in CLASS DM01AVCH24LV95D.Liegenschaften.ProjGrundstueck
Info:       6 objects in CLASS DM01AVCH24LV95D.Liegenschaften.ProjGrundstueckPos
Info:       6 objects in CLASS DM01AVCH24LV95D.Liegenschaften.ProjLiegenschaft
Info:       3 objects in CLASS DM01AVCH24LV95D.Liegenschaften.SelbstRecht
Info: b_gisi.itf: DM01AVCH24LV95D.Nomenklatur
Info:      27 objects in CLASS DM01AVCH24LV95D.Nomenklatur.Flurname
Info:      29 objects in CLASS DM01AVCH24LV95D.Nomenklatur.FlurnamePos
Info:       5 objects in CLASS DM01AVCH24LV95D.Nomenklatur.NKNachfuehrung
Info: b_gisi.itf: DM01AVCH24LV95D.Nummerierungsbereiche
Info:       8 objects in CLASS DM01AVCH24LV95D.Nummerierungsbereiche.NBGeometrie
Info:       8 objects in CLASS DM01AVCH24LV95D.Nummerierungsbereiche.Nummerierungsbereich
Info:       8 objects in CLASS DM01AVCH24LV95D.Nummerierungsbereiche.NummerierungsbereichPos
Info: b_gisi.itf: DM01AVCH24LV95D.PLZOrtschaft
Info:       1 objects in CLASS DM01AVCH24LV95D.PLZOrtschaft.OSNachfuehrung
Info:       1 objects in CLASS DM01AVCH24LV95D.PLZOrtschaft.Ortschaft
Info:       1 objects in CLASS DM01AVCH24LV95D.PLZOrtschaft.OrtschaftsName
Info:       1 objects in CLASS DM01AVCH24LV95D.PLZOrtschaft.OrtschaftsName_Pos
Info:       1 objects in CLASS DM01AVCH24LV95D.PLZOrtschaft.OrtschaftsVerbund
Info:       1 objects in CLASS DM01AVCH24LV95D.PLZOrtschaft.OrtschaftsVerbundText
Info:       1 objects in CLASS DM01AVCH24LV95D.PLZOrtschaft.PLZ6
Info:       1 objects in CLASS DM01AVCH24LV95D.PLZOrtschaft.PLZ6Nachfuehrung
Info: b_gisi.itf: DM01AVCH24LV95D.Planeinteilungen
Info:       8 objects in CLASS DM01AVCH24LV95D.Planeinteilungen.Plan
Info:       8 objects in CLASS DM01AVCH24LV95D.Planeinteilungen.PlanPos
Info:       8 objects in CLASS DM01AVCH24LV95D.Planeinteilungen.Plangeometrie
Info: b_gisi.itf: DM01AVCH24LV95D.Planrahmen
Info:       8 objects in CLASS DM01AVCH24LV95D.Planrahmen.Darstellungsflaeche
Info:       8 objects in CLASS DM01AVCH24LV95D.Planrahmen.PlanLayout
Info:      50 objects in CLASS DM01AVCH24LV95D.Planrahmen.Planbeschriftung
Info:      50 objects in CLASS DM01AVCH24LV95D.Planrahmen.PlanbeschriftungPos
Info: b_gisi.itf: DM01AVCH24LV95D.Rohrleitungen
Info: b_gisi.itf: DM01AVCH24LV95D.Rutschgebiete
Info: b_gisi.itf: DM01AVCH24LV95D.TSEinteilung
Info:       2 objects in CLASS DM01AVCH24LV95D.TSEinteilung.Toleranzstufe
Info:       2 objects in CLASS DM01AVCH24LV95D.TSEinteilung.ToleranzstufePos
Info: ...import done
