Info: ili2c-4.5.23-20160708
Info: java.version 1.8.0_111
Info: user.name <stefan>
Info: maxMemory 7298560 KB
Info: dbschema <av_avdpool_lu>
Info: dburl <jdbc:postgresql://localhost:5432/xanadu2>
Info: dbusr <stefan>
Info: databaseProduct <PostgreSQL>
Info: databaseVersion <9.3.15>
Info: driverVersion <PostgreSQL 9.4.1208.jre6>
Info: postGISVersion <POSTGIS="2.2.2 r14797" GEOS="3.5.0-CAPI-1.9.0 r4084" PROJ="Rel. 4.8.0, 6 March 2012" GDAL="GDAL 2.2.0dev, released 2016/99/99" LIBXML="2.9.1" LIBJSON="0.11.99" RASTER>
Info: compile models...
Info: lookup model <DM01AVCH24LV95D> in repository <http://models.interlis.ch/>
Info: lookup model <DM01AVCH24LV95D> in repository <http://models.geo.admin.ch>
Info: ilifile </home/stefan/.ilicache/models.geo.admin.ch/V_D/DM.01-AV-CH_LV95_24d_ili1.ili>
Info: process data file...
Info: data </home/stefan/tmp/DM01_KT_LU/c_bero.itf>
Info: Basket DM01AVCH24LV95D.FixpunkteKategorie1(oid itf0)...
Info: Basket DM01AVCH24LV95D.FixpunkteKategorie2(oid itf1)...
Info: Basket DM01AVCH24LV95D.FixpunkteKategorie3(oid itf2)...
Info: Basket DM01AVCH24LV95D.Bodenbedeckung(oid itf3)...
Info: Basket DM01AVCH24LV95D.Einzelobjekte(oid itf4)...
Info: Basket DM01AVCH24LV95D.Hoehen(oid itf5)...
Info: Basket DM01AVCH24LV95D.Nomenklatur(oid itf6)...
Info: Basket DM01AVCH24LV95D.Liegenschaften(oid itf7)...
Info: Basket DM01AVCH24LV95D.Rohrleitungen(oid itf8)...
Info: Basket DM01AVCH24LV95D.Nummerierungsbereiche(oid itf9)...
Info: Basket DM01AVCH24LV95D.Gemeindegrenzen(oid itf10)...
Info: Basket DM01AVCH24LV95D.Bezirksgrenzen(oid itf11)...
Info: Basket DM01AVCH24LV95D.Kantonsgrenzen(oid itf12)...
Info: Basket DM01AVCH24LV95D.Landesgrenzen(oid itf13)...
Info: Basket DM01AVCH24LV95D.Planeinteilungen(oid itf14)...
Info: Basket DM01AVCH24LV95D.TSEinteilung(oid itf15)...
Info: Basket DM01AVCH24LV95D.Rutschgebiete(oid itf16)...
Info: Basket DM01AVCH24LV95D.PLZOrtschaft(oid itf17)...
Info: Basket DM01AVCH24LV95D.Gebaeudeadressen(oid itf18)...
Info: Basket DM01AVCH24LV95D.Planrahmen(oid itf19)...
Info: c_bero.itf: DM01AVCH24LV95D.Bezirksgrenzen
Info: c_bero.itf: DM01AVCH24LV95D.Bodenbedeckung
Info:     198 objects in CLASS DM01AVCH24LV95D.Bodenbedeckung.BBNachfuehrung
Info:    2396 objects in CLASS DM01AVCH24LV95D.Bodenbedeckung.BoFlaeche
Info:      67 objects in CLASS DM01AVCH24LV95D.Bodenbedeckung.BoFlaecheSymbol
Info:   14811 objects in CLASS DM01AVCH24LV95D.Bodenbedeckung.Einzelpunkt
Info:   14811 objects in CLASS DM01AVCH24LV95D.Bodenbedeckung.EinzelpunktPos
Info:     812 objects in CLASS DM01AVCH24LV95D.Bodenbedeckung.Gebaeudenummer
Info:     812 objects in CLASS DM01AVCH24LV95D.Bodenbedeckung.GebaeudenummerPos
Info:      42 objects in CLASS DM01AVCH24LV95D.Bodenbedeckung.Objektname
Info:      42 objects in CLASS DM01AVCH24LV95D.Bodenbedeckung.ObjektnamePos
Info:      16 objects in CLASS DM01AVCH24LV95D.Bodenbedeckung.ProjBoFlaeche
Info:      14 objects in CLASS DM01AVCH24LV95D.Bodenbedeckung.ProjGebaeudenummer
Info:      14 objects in CLASS DM01AVCH24LV95D.Bodenbedeckung.ProjGebaeudenummerPos
Info:       1 objects in CLASS DM01AVCH24LV95D.Bodenbedeckung.ProjObjektname
Info:       1 objects in CLASS DM01AVCH24LV95D.Bodenbedeckung.ProjObjektnamePos
Info: c_bero.itf: DM01AVCH24LV95D.Einzelobjekte
Info:     177 objects in CLASS DM01AVCH24LV95D.Einzelobjekte.EONachfuehrung
Info:    1550 objects in CLASS DM01AVCH24LV95D.Einzelobjekte.Einzelobjekt
Info:     782 objects in CLASS DM01AVCH24LV95D.Einzelobjekte.Einzelpunkt
Info:     782 objects in CLASS DM01AVCH24LV95D.Einzelobjekte.EinzelpunktPos
Info:     153 objects in CLASS DM01AVCH24LV95D.Einzelobjekte.Flaechenelement
Info:    3597 objects in CLASS DM01AVCH24LV95D.Einzelobjekte.Linienelement
Info:       6 objects in CLASS DM01AVCH24LV95D.Einzelobjekte.LinienelementSymbol
Info:      54 objects in CLASS DM01AVCH24LV95D.Einzelobjekte.Objektnummer
Info:      54 objects in CLASS DM01AVCH24LV95D.Einzelobjekte.ObjektnummerPos
Info:       1 objects in CLASS DM01AVCH24LV95D.Einzelobjekte.Punktelement
Info: c_bero.itf: DM01AVCH24LV95D.FixpunkteKategorie1
Info:       5 objects in CLASS DM01AVCH24LV95D.FixpunkteKategorie1.HFP1
Info:       2 objects in CLASS DM01AVCH24LV95D.FixpunkteKategorie1.HFP1Nachfuehrung
Info:       5 objects in CLASS DM01AVCH24LV95D.FixpunkteKategorie1.HFP1Pos
Info:      21 objects in CLASS DM01AVCH24LV95D.FixpunkteKategorie1.LFP1
Info:       3 objects in CLASS DM01AVCH24LV95D.FixpunkteKategorie1.LFP1Nachfuehrung
Info:      21 objects in CLASS DM01AVCH24LV95D.FixpunkteKategorie1.LFP1Pos
Info:      21 objects in CLASS DM01AVCH24LV95D.FixpunkteKategorie1.LFP1Symbol
Info: c_bero.itf: DM01AVCH24LV95D.FixpunkteKategorie2
Info:     197 objects in CLASS DM01AVCH24LV95D.FixpunkteKategorie2.LFP2
Info:       5 objects in CLASS DM01AVCH24LV95D.FixpunkteKategorie2.LFP2Nachfuehrung
Info:     197 objects in CLASS DM01AVCH24LV95D.FixpunkteKategorie2.LFP2Pos
Info:     197 objects in CLASS DM01AVCH24LV95D.FixpunkteKategorie2.LFP2Symbol
Info: c_bero.itf: DM01AVCH24LV95D.FixpunkteKategorie3
Info:     447 objects in CLASS DM01AVCH24LV95D.FixpunkteKategorie3.LFP3
Info:      11 objects in CLASS DM01AVCH24LV95D.FixpunkteKategorie3.LFP3Nachfuehrung
Info:     447 objects in CLASS DM01AVCH24LV95D.FixpunkteKategorie3.LFP3Pos
Info:     447 objects in CLASS DM01AVCH24LV95D.FixpunkteKategorie3.LFP3Symbol
Info: c_bero.itf: DM01AVCH24LV95D.Gebaeudeadressen
Info:       9 objects in CLASS DM01AVCH24LV95D.Gebaeudeadressen.BenanntesGebiet
Info:      70 objects in CLASS DM01AVCH24LV95D.Gebaeudeadressen.GEBNachfuehrung
Info:     625 objects in CLASS DM01AVCH24LV95D.Gebaeudeadressen.Gebaeudeeingang
Info:     581 objects in CLASS DM01AVCH24LV95D.Gebaeudeadressen.HausnummerPos
Info:      75 objects in CLASS DM01AVCH24LV95D.Gebaeudeadressen.Lokalisation
Info:      75 objects in CLASS DM01AVCH24LV95D.Gebaeudeadressen.LokalisationsName
Info:      84 objects in CLASS DM01AVCH24LV95D.Gebaeudeadressen.LokalisationsNamePos
Info:     146 objects in CLASS DM01AVCH24LV95D.Gebaeudeadressen.Strassenstueck
Info: c_bero.itf: DM01AVCH24LV95D.Gemeindegrenzen
Info:       3 objects in CLASS DM01AVCH24LV95D.Gemeindegrenzen.GEMNachfuehrung
Info:       1 objects in CLASS DM01AVCH24LV95D.Gemeindegrenzen.Gemeinde
Info:       1 objects in CLASS DM01AVCH24LV95D.Gemeindegrenzen.Gemeindegrenze
Info:      54 objects in CLASS DM01AVCH24LV95D.Gemeindegrenzen.Hoheitsgrenzpunkt
Info:      54 objects in CLASS DM01AVCH24LV95D.Gemeindegrenzen.HoheitsgrenzpunktPos
Info:      54 objects in CLASS DM01AVCH24LV95D.Gemeindegrenzen.HoheitsgrenzpunktSymbol
Info: c_bero.itf: DM01AVCH24LV95D.Hoehen
Info: c_bero.itf: DM01AVCH24LV95D.Kantonsgrenzen
Info: c_bero.itf: DM01AVCH24LV95D.Landesgrenzen
Info: c_bero.itf: DM01AVCH24LV95D.Liegenschaften
Info:    4067 objects in CLASS DM01AVCH24LV95D.Liegenschaften.Grenzpunkt
Info:    4067 objects in CLASS DM01AVCH24LV95D.Liegenschaften.GrenzpunktPos
Info:    4067 objects in CLASS DM01AVCH24LV95D.Liegenschaften.GrenzpunktSymbol
Info:     799 objects in CLASS DM01AVCH24LV95D.Liegenschaften.Grundstueck
Info:     834 objects in CLASS DM01AVCH24LV95D.Liegenschaften.GrundstueckPos
Info:     147 objects in CLASS DM01AVCH24LV95D.Liegenschaften.LSNachfuehrung
Info:     798 objects in CLASS DM01AVCH24LV95D.Liegenschaften.Liegenschaft
Info:       1 objects in CLASS DM01AVCH24LV95D.Liegenschaften.SelbstRecht
Info: c_bero.itf: DM01AVCH24LV95D.Nomenklatur
Info:      58 objects in CLASS DM01AVCH24LV95D.Nomenklatur.Flurname
Info:      59 objects in CLASS DM01AVCH24LV95D.Nomenklatur.FlurnamePos
Info:       7 objects in CLASS DM01AVCH24LV95D.Nomenklatur.NKNachfuehrung
Info: c_bero.itf: DM01AVCH24LV95D.Nummerierungsbereiche
Info:       7 objects in CLASS DM01AVCH24LV95D.Nummerierungsbereiche.NBGeometrie
Info:       7 objects in CLASS DM01AVCH24LV95D.Nummerierungsbereiche.Nummerierungsbereich
Info:       7 objects in CLASS DM01AVCH24LV95D.Nummerierungsbereiche.NummerierungsbereichPos
Info: c_bero.itf: DM01AVCH24LV95D.PLZOrtschaft
Info:       1 objects in CLASS DM01AVCH24LV95D.PLZOrtschaft.OSNachfuehrung
Info:       7 objects in CLASS DM01AVCH24LV95D.PLZOrtschaft.Ortschaft
Info:       7 objects in CLASS DM01AVCH24LV95D.PLZOrtschaft.OrtschaftsName
Info:       7 objects in CLASS DM01AVCH24LV95D.PLZOrtschaft.OrtschaftsName_Pos
Info:       1 objects in CLASS DM01AVCH24LV95D.PLZOrtschaft.OrtschaftsVerbund
Info:       1 objects in CLASS DM01AVCH24LV95D.PLZOrtschaft.OrtschaftsVerbundText
Info:       7 objects in CLASS DM01AVCH24LV95D.PLZOrtschaft.PLZ6
Info:       1 objects in CLASS DM01AVCH24LV95D.PLZOrtschaft.PLZ6Nachfuehrung
Info: c_bero.itf: DM01AVCH24LV95D.Planeinteilungen
Info:      11 objects in CLASS DM01AVCH24LV95D.Planeinteilungen.Plan
Info:      12 objects in CLASS DM01AVCH24LV95D.Planeinteilungen.PlanPos
Info:      12 objects in CLASS DM01AVCH24LV95D.Planeinteilungen.Plangeometrie
Info: c_bero.itf: DM01AVCH24LV95D.Planrahmen
Info:      12 objects in CLASS DM01AVCH24LV95D.Planrahmen.Darstellungsflaeche
Info:      12 objects in CLASS DM01AVCH24LV95D.Planrahmen.PlanLayout
Info:     123 objects in CLASS DM01AVCH24LV95D.Planrahmen.Planbeschriftung
Info:     133 objects in CLASS DM01AVCH24LV95D.Planrahmen.PlanbeschriftungPos
Info: c_bero.itf: DM01AVCH24LV95D.Rohrleitungen
Info: c_bero.itf: DM01AVCH24LV95D.Rutschgebiete
Info: c_bero.itf: DM01AVCH24LV95D.TSEinteilung
Info:       4 objects in CLASS DM01AVCH24LV95D.TSEinteilung.Toleranzstufe
Info:       4 objects in CLASS DM01AVCH24LV95D.TSEinteilung.ToleranzstufePos
Info: ...import done
