Info: ili2c-4.5.23-20160708
Info: java.version 1.8.0_111
Info: user.name <stefan>
Info: maxMemory 7298560 KB
Info: dbschema <av_avdpool_lu>
Info: dburl <jdbc:postgresql://localhost:5432/xanadu2>
Info: dbusr <stefan>
Info: databaseProduct <PostgreSQL>
Info: databaseVersion <9.3.15>
Info: driverVersion <PostgreSQL 9.4.1208.jre6>
Info: postGISVersion <POSTGIS="2.2.2 r14797" GEOS="3.5.0-CAPI-1.9.0 r4084" PROJ="Rel. 4.8.0, 6 March 2012" GDAL="GDAL 2.2.0dev, released 2016/99/99" LIBXML="2.9.1" LIBJSON="0.11.99" RASTER>
Info: compile models...
Info: lookup model <DM01AVCH24LV95D> in repository <http://models.interlis.ch/>
Info: lookup model <DM01AVCH24LV95D> in repository <http://models.geo.admin.ch>
Info: ilifile </home/stefan/.ilicache/models.geo.admin.ch/V_D/DM.01-AV-CH_LV95_24d_ili1.ili>
Info: process data file...
Info: data </home/stefan/tmp/DM01_KT_LU/c_surs.itf>
Info: Basket DM01AVCH24LV95D.FixpunkteKategorie1(oid itf0)...
Info: Basket DM01AVCH24LV95D.FixpunkteKategorie2(oid itf1)...
Info: Basket DM01AVCH24LV95D.FixpunkteKategorie3(oid itf2)...
Info: Basket DM01AVCH24LV95D.Bodenbedeckung(oid itf3)...
Info: Basket DM01AVCH24LV95D.Einzelobjekte(oid itf4)...
Info: Basket DM01AVCH24LV95D.Hoehen(oid itf5)...
Info: Basket DM01AVCH24LV95D.Nomenklatur(oid itf6)...
Info: Basket DM01AVCH24LV95D.Liegenschaften(oid itf7)...
Info: Basket DM01AVCH24LV95D.Rohrleitungen(oid itf8)...
Info: Basket DM01AVCH24LV95D.Nummerierungsbereiche(oid itf9)...
Info: Basket DM01AVCH24LV95D.Gemeindegrenzen(oid itf10)...
Info: Basket DM01AVCH24LV95D.Bezirksgrenzen(oid itf11)...
Info: Basket DM01AVCH24LV95D.Kantonsgrenzen(oid itf12)...
Info: Basket DM01AVCH24LV95D.Landesgrenzen(oid itf13)...
Info: Basket DM01AVCH24LV95D.Planeinteilungen(oid itf14)...
Info: Basket DM01AVCH24LV95D.TSEinteilung(oid itf15)...
Info: Basket DM01AVCH24LV95D.Rutschgebiete(oid itf16)...
Info: Basket DM01AVCH24LV95D.PLZOrtschaft(oid itf17)...
Info: Basket DM01AVCH24LV95D.Gebaeudeadressen(oid itf18)...
Info: Basket DM01AVCH24LV95D.Planrahmen(oid itf19)...
Info: c_surs.itf: DM01AVCH24LV95D.Bezirksgrenzen
Info: c_surs.itf: DM01AVCH24LV95D.Bodenbedeckung
Info:     229 objects in CLASS DM01AVCH24LV95D.Bodenbedeckung.BBNachfuehrung
Info:    6289 objects in CLASS DM01AVCH24LV95D.Bodenbedeckung.BoFlaeche
Info:     179 objects in CLASS DM01AVCH24LV95D.Bodenbedeckung.BoFlaecheSymbol
Info:   30068 objects in CLASS DM01AVCH24LV95D.Bodenbedeckung.Einzelpunkt
Info:   30068 objects in CLASS DM01AVCH24LV95D.Bodenbedeckung.EinzelpunktPos
Info:    1931 objects in CLASS DM01AVCH24LV95D.Bodenbedeckung.Gebaeudenummer
Info:    1930 objects in CLASS DM01AVCH24LV95D.Bodenbedeckung.GebaeudenummerPos
Info:     161 objects in CLASS DM01AVCH24LV95D.Bodenbedeckung.Objektname
Info:     166 objects in CLASS DM01AVCH24LV95D.Bodenbedeckung.ObjektnamePos
Info:      63 objects in CLASS DM01AVCH24LV95D.Bodenbedeckung.ProjBoFlaeche
Info:      34 objects in CLASS DM01AVCH24LV95D.Bodenbedeckung.ProjGebaeudenummer
Info:      34 objects in CLASS DM01AVCH24LV95D.Bodenbedeckung.ProjGebaeudenummerPos
Info: c_surs.itf: DM01AVCH24LV95D.Einzelobjekte
Info:     180 objects in CLASS DM01AVCH24LV95D.Einzelobjekte.EONachfuehrung
Info:    5413 objects in CLASS DM01AVCH24LV95D.Einzelobjekte.Einzelobjekt
Info:    6385 objects in CLASS DM01AVCH24LV95D.Einzelobjekte.Einzelpunkt
Info:    6385 objects in CLASS DM01AVCH24LV95D.Einzelobjekte.EinzelpunktPos
Info:     874 objects in CLASS DM01AVCH24LV95D.Einzelobjekte.Flaechenelement
Info:   12051 objects in CLASS DM01AVCH24LV95D.Einzelobjekte.Linienelement
Info:      40 objects in CLASS DM01AVCH24LV95D.Einzelobjekte.LinienelementSymbol
Info:      20 objects in CLASS DM01AVCH24LV95D.Einzelobjekte.Objektname
Info:      21 objects in CLASS DM01AVCH24LV95D.Einzelobjekte.ObjektnamePos
Info:     175 objects in CLASS DM01AVCH24LV95D.Einzelobjekte.Objektnummer
Info:     175 objects in CLASS DM01AVCH24LV95D.Einzelobjekte.ObjektnummerPos
Info:       2 objects in CLASS DM01AVCH24LV95D.Einzelobjekte.Punktelement
Info: c_surs.itf: DM01AVCH24LV95D.FixpunkteKategorie1
Info:       6 objects in CLASS DM01AVCH24LV95D.FixpunkteKategorie1.HFP1
Info:       5 objects in CLASS DM01AVCH24LV95D.FixpunkteKategorie1.HFP1Nachfuehrung
Info:       6 objects in CLASS DM01AVCH24LV95D.FixpunkteKategorie1.HFP1Pos
Info:       1 objects in CLASS DM01AVCH24LV95D.FixpunkteKategorie1.LFP1Nachfuehrung
Info: c_surs.itf: DM01AVCH24LV95D.FixpunkteKategorie2
Info:       3 objects in CLASS DM01AVCH24LV95D.FixpunkteKategorie2.HFP2
Info:       5 objects in CLASS DM01AVCH24LV95D.FixpunkteKategorie2.HFP2Nachfuehrung
Info:       3 objects in CLASS DM01AVCH24LV95D.FixpunkteKategorie2.HFP2Pos
Info:       1 objects in CLASS DM01AVCH24LV95D.FixpunkteKategorie2.LFP2
Info:       3 objects in CLASS DM01AVCH24LV95D.FixpunkteKategorie2.LFP2Nachfuehrung
Info:       1 objects in CLASS DM01AVCH24LV95D.FixpunkteKategorie2.LFP2Pos
Info:       1 objects in CLASS DM01AVCH24LV95D.FixpunkteKategorie2.LFP2Symbol
Info: c_surs.itf: DM01AVCH24LV95D.FixpunkteKategorie3
Info:      45 objects in CLASS DM01AVCH24LV95D.FixpunkteKategorie3.HFP3
Info:      12 objects in CLASS DM01AVCH24LV95D.FixpunkteKategorie3.HFP3Nachfuehrung
Info:      45 objects in CLASS DM01AVCH24LV95D.FixpunkteKategorie3.HFP3Pos
Info:     795 objects in CLASS DM01AVCH24LV95D.FixpunkteKategorie3.LFP3
Info:       9 objects in CLASS DM01AVCH24LV95D.FixpunkteKategorie3.LFP3Nachfuehrung
Info:     795 objects in CLASS DM01AVCH24LV95D.FixpunkteKategorie3.LFP3Pos
Info:     795 objects in CLASS DM01AVCH24LV95D.FixpunkteKategorie3.LFP3Symbol
Info: c_surs.itf: DM01AVCH24LV95D.Gebaeudeadressen
Info:       4 objects in CLASS DM01AVCH24LV95D.Gebaeudeadressen.BenanntesGebiet
Info:      64 objects in CLASS DM01AVCH24LV95D.Gebaeudeadressen.GEBNachfuehrung
Info:    1564 objects in CLASS DM01AVCH24LV95D.Gebaeudeadressen.Gebaeudeeingang
Info:    1531 objects in CLASS DM01AVCH24LV95D.Gebaeudeadressen.HausnummerPos
Info:     185 objects in CLASS DM01AVCH24LV95D.Gebaeudeadressen.Lokalisation
Info:     185 objects in CLASS DM01AVCH24LV95D.Gebaeudeadressen.LokalisationsName
Info:     286 objects in CLASS DM01AVCH24LV95D.Gebaeudeadressen.LokalisationsNamePos
Info:     484 objects in CLASS DM01AVCH24LV95D.Gebaeudeadressen.Strassenstueck
Info: c_surs.itf: DM01AVCH24LV95D.Gemeindegrenzen
Info:       8 objects in CLASS DM01AVCH24LV95D.Gemeindegrenzen.GEMNachfuehrung
Info:       1 objects in CLASS DM01AVCH24LV95D.Gemeindegrenzen.Gemeinde
Info:       1 objects in CLASS DM01AVCH24LV95D.Gemeindegrenzen.Gemeindegrenze
Info:     493 objects in CLASS DM01AVCH24LV95D.Gemeindegrenzen.Hoheitsgrenzpunkt
Info:     493 objects in CLASS DM01AVCH24LV95D.Gemeindegrenzen.HoheitsgrenzpunktPos
Info:     493 objects in CLASS DM01AVCH24LV95D.Gemeindegrenzen.HoheitsgrenzpunktSymbol
Info: c_surs.itf: DM01AVCH24LV95D.Hoehen
Info: c_surs.itf: DM01AVCH24LV95D.Kantonsgrenzen
Info: c_surs.itf: DM01AVCH24LV95D.Landesgrenzen
Info: c_surs.itf: DM01AVCH24LV95D.Liegenschaften
Info:    9667 objects in CLASS DM01AVCH24LV95D.Liegenschaften.Grenzpunkt
Info:    9667 objects in CLASS DM01AVCH24LV95D.Liegenschaften.GrenzpunktPos
Info:    9667 objects in CLASS DM01AVCH24LV95D.Liegenschaften.GrenzpunktSymbol
Info:    1913 objects in CLASS DM01AVCH24LV95D.Liegenschaften.Grundstueck
Info:    2100 objects in CLASS DM01AVCH24LV95D.Liegenschaften.GrundstueckPos
Info:     373 objects in CLASS DM01AVCH24LV95D.Liegenschaften.LSNachfuehrung
Info:    1893 objects in CLASS DM01AVCH24LV95D.Liegenschaften.Liegenschaft
Info:       5 objects in CLASS DM01AVCH24LV95D.Liegenschaften.ProjGrundstueck
Info:       5 objects in CLASS DM01AVCH24LV95D.Liegenschaften.ProjGrundstueckPos
Info:       5 objects in CLASS DM01AVCH24LV95D.Liegenschaften.ProjLiegenschaft
Info:      20 objects in CLASS DM01AVCH24LV95D.Liegenschaften.SelbstRecht
Info: c_surs.itf: DM01AVCH24LV95D.Nomenklatur
Info:      69 objects in CLASS DM01AVCH24LV95D.Nomenklatur.Flurname
Info:     145 objects in CLASS DM01AVCH24LV95D.Nomenklatur.FlurnamePos
Info:      12 objects in CLASS DM01AVCH24LV95D.Nomenklatur.NKNachfuehrung
Info: c_surs.itf: DM01AVCH24LV95D.Nummerierungsbereiche
Info:      10 objects in CLASS DM01AVCH24LV95D.Nummerierungsbereiche.NBGeometrie
Info:      10 objects in CLASS DM01AVCH24LV95D.Nummerierungsbereiche.Nummerierungsbereich
Info:      10 objects in CLASS DM01AVCH24LV95D.Nummerierungsbereiche.NummerierungsbereichPos
Info: c_surs.itf: DM01AVCH24LV95D.PLZOrtschaft
Info:       1 objects in CLASS DM01AVCH24LV95D.PLZOrtschaft.OSNachfuehrung
Info:       1 objects in CLASS DM01AVCH24LV95D.PLZOrtschaft.Ortschaft
Info:       1 objects in CLASS DM01AVCH24LV95D.PLZOrtschaft.OrtschaftsName
Info:       1 objects in CLASS DM01AVCH24LV95D.PLZOrtschaft.OrtschaftsName_Pos
Info:       2 objects in CLASS DM01AVCH24LV95D.PLZOrtschaft.OrtschaftsVerbund
Info:       2 objects in CLASS DM01AVCH24LV95D.PLZOrtschaft.OrtschaftsVerbundText
Info:       1 objects in CLASS DM01AVCH24LV95D.PLZOrtschaft.PLZ6
Info:       1 objects in CLASS DM01AVCH24LV95D.PLZOrtschaft.PLZ6Nachfuehrung
Info: c_surs.itf: DM01AVCH24LV95D.Planeinteilungen
Info:      48 objects in CLASS DM01AVCH24LV95D.Planeinteilungen.Plan
Info:      48 objects in CLASS DM01AVCH24LV95D.Planeinteilungen.PlanPos
Info:      48 objects in CLASS DM01AVCH24LV95D.Planeinteilungen.Plangeometrie
Info: c_surs.itf: DM01AVCH24LV95D.Planrahmen
Info:      49 objects in CLASS DM01AVCH24LV95D.Planrahmen.Darstellungsflaeche
Info:      49 objects in CLASS DM01AVCH24LV95D.Planrahmen.PlanLayout
Info:     319 objects in CLASS DM01AVCH24LV95D.Planrahmen.Planbeschriftung
Info:     319 objects in CLASS DM01AVCH24LV95D.Planrahmen.PlanbeschriftungPos
Info: c_surs.itf: DM01AVCH24LV95D.Rohrleitungen
Info: c_surs.itf: DM01AVCH24LV95D.Rutschgebiete
Info: c_surs.itf: DM01AVCH24LV95D.TSEinteilung
Info:       3 objects in CLASS DM01AVCH24LV95D.TSEinteilung.Toleranzstufe
Info:       3 objects in CLASS DM01AVCH24LV95D.TSEinteilung.ToleranzstufePos
Info: ...import done
