Info: ili2c-4.5.23-20160708
Info: java.version 1.8.0_111
Info: user.name <stefan>
Info: maxMemory 7298560 KB
Info: dbschema <av_avdpool_lu>
Info: dburl <jdbc:postgresql://localhost:5432/xanadu2>
Info: dbusr <stefan>
Info: databaseProduct <PostgreSQL>
Info: databaseVersion <9.3.15>
Info: driverVersion <PostgreSQL 9.4.1208.jre6>
Info: postGISVersion <POSTGIS="2.2.2 r14797" GEOS="3.5.0-CAPI-1.9.0 r4084" PROJ="Rel. 4.8.0, 6 March 2012" GDAL="GDAL 2.2.0dev, released 2016/99/99" LIBXML="2.9.1" LIBJSON="0.11.99" RASTER>
Info: compile models...
Info: lookup model <DM01AVCH24LV95D> in repository <http://models.interlis.ch/>
Info: lookup model <DM01AVCH24LV95D> in repository <http://models.geo.admin.ch>
Info: ilifile </home/stefan/.ilicache/models.geo.admin.ch/V_D/DM.01-AV-CH_LV95_24d_ili1.ili>
Info: process data file...
Info: data </home/stefan/tmp/DM01_KT_LU/e_rusw.itf>
Info: Basket DM01AVCH24LV95D.FixpunkteKategorie1(oid itf0)...
Info: Basket DM01AVCH24LV95D.FixpunkteKategorie2(oid itf1)...
Info: Basket DM01AVCH24LV95D.FixpunkteKategorie3(oid itf2)...
Info: Basket DM01AVCH24LV95D.Bodenbedeckung(oid itf3)...
Info: Basket DM01AVCH24LV95D.Einzelobjekte(oid itf4)...
Info: Basket DM01AVCH24LV95D.Hoehen(oid itf5)...
Info: Basket DM01AVCH24LV95D.Nomenklatur(oid itf6)...
Info: Basket DM01AVCH24LV95D.Liegenschaften(oid itf7)...
Info: Basket DM01AVCH24LV95D.Rohrleitungen(oid itf8)...
Info: Basket DM01AVCH24LV95D.Nummerierungsbereiche(oid itf9)...
Info: Basket DM01AVCH24LV95D.Gemeindegrenzen(oid itf10)...
Info: Basket DM01AVCH24LV95D.Bezirksgrenzen(oid itf11)...
Info: Basket DM01AVCH24LV95D.Kantonsgrenzen(oid itf12)...
Info: Basket DM01AVCH24LV95D.Landesgrenzen(oid itf13)...
Info: Basket DM01AVCH24LV95D.Planeinteilungen(oid itf14)...
Info: Basket DM01AVCH24LV95D.TSEinteilung(oid itf15)...
Info: Basket DM01AVCH24LV95D.Rutschgebiete(oid itf16)...
Info: Basket DM01AVCH24LV95D.PLZOrtschaft(oid itf17)...
Info: Basket DM01AVCH24LV95D.Gebaeudeadressen(oid itf18)...
Info: Basket DM01AVCH24LV95D.Planrahmen(oid itf19)...
Info: e_rusw.itf: DM01AVCH24LV95D.Bezirksgrenzen
Info: e_rusw.itf: DM01AVCH24LV95D.Bodenbedeckung
Info:     354 objects in CLASS DM01AVCH24LV95D.Bodenbedeckung.BBNachfuehrung
Info:    8531 objects in CLASS DM01AVCH24LV95D.Bodenbedeckung.BoFlaeche
Info:     124 objects in CLASS DM01AVCH24LV95D.Bodenbedeckung.BoFlaecheSymbol
Info:   32496 objects in CLASS DM01AVCH24LV95D.Bodenbedeckung.Einzelpunkt
Info:   32496 objects in CLASS DM01AVCH24LV95D.Bodenbedeckung.EinzelpunktPos
Info:    2603 objects in CLASS DM01AVCH24LV95D.Bodenbedeckung.Gebaeudenummer
Info:    2603 objects in CLASS DM01AVCH24LV95D.Bodenbedeckung.GebaeudenummerPos
Info:      68 objects in CLASS DM01AVCH24LV95D.Bodenbedeckung.Objektname
Info:      79 objects in CLASS DM01AVCH24LV95D.Bodenbedeckung.ObjektnamePos
Info:      57 objects in CLASS DM01AVCH24LV95D.Bodenbedeckung.ProjBoFlaeche
Info:      34 objects in CLASS DM01AVCH24LV95D.Bodenbedeckung.ProjGebaeudenummer
Info:      34 objects in CLASS DM01AVCH24LV95D.Bodenbedeckung.ProjGebaeudenummerPos
Info: e_rusw.itf: DM01AVCH24LV95D.Einzelobjekte
Info:     326 objects in CLASS DM01AVCH24LV95D.Einzelobjekte.EONachfuehrung
Info:    7745 objects in CLASS DM01AVCH24LV95D.Einzelobjekte.Einzelobjekt
Info:    2952 objects in CLASS DM01AVCH24LV95D.Einzelobjekte.Einzelpunkt
Info:    2952 objects in CLASS DM01AVCH24LV95D.Einzelobjekte.EinzelpunktPos
Info:     754 objects in CLASS DM01AVCH24LV95D.Einzelobjekte.Flaechenelement
Info:   33654 objects in CLASS DM01AVCH24LV95D.Einzelobjekte.Linienelement
Info:       1 objects in CLASS DM01AVCH24LV95D.Einzelobjekte.LinienelementSymbol
Info:      14 objects in CLASS DM01AVCH24LV95D.Einzelobjekte.Objektname
Info:      14 objects in CLASS DM01AVCH24LV95D.Einzelobjekte.ObjektnamePos
Info:     149 objects in CLASS DM01AVCH24LV95D.Einzelobjekte.Objektnummer
Info:     149 objects in CLASS DM01AVCH24LV95D.Einzelobjekte.ObjektnummerPos
Info:     274 objects in CLASS DM01AVCH24LV95D.Einzelobjekte.Punktelement
Info: e_rusw.itf: DM01AVCH24LV95D.FixpunkteKategorie1
Info:       4 objects in CLASS DM01AVCH24LV95D.FixpunkteKategorie1.HFP1
Info:       2 objects in CLASS DM01AVCH24LV95D.FixpunkteKategorie1.HFP1Nachfuehrung
Info:       4 objects in CLASS DM01AVCH24LV95D.FixpunkteKategorie1.HFP1Pos
Info:       1 objects in CLASS DM01AVCH24LV95D.FixpunkteKategorie1.LFP1
Info:       1 objects in CLASS DM01AVCH24LV95D.FixpunkteKategorie1.LFP1Nachfuehrung
Info:       1 objects in CLASS DM01AVCH24LV95D.FixpunkteKategorie1.LFP1Pos
Info:       1 objects in CLASS DM01AVCH24LV95D.FixpunkteKategorie1.LFP1Symbol
Info: e_rusw.itf: DM01AVCH24LV95D.FixpunkteKategorie2
Info:      30 objects in CLASS DM01AVCH24LV95D.FixpunkteKategorie2.HFP2
Info:       3 objects in CLASS DM01AVCH24LV95D.FixpunkteKategorie2.HFP2Nachfuehrung
Info:      30 objects in CLASS DM01AVCH24LV95D.FixpunkteKategorie2.HFP2Pos
Info:     119 objects in CLASS DM01AVCH24LV95D.FixpunkteKategorie2.LFP2
Info:       1 objects in CLASS DM01AVCH24LV95D.FixpunkteKategorie2.LFP2Nachfuehrung
Info:     119 objects in CLASS DM01AVCH24LV95D.FixpunkteKategorie2.LFP2Pos
Info:     119 objects in CLASS DM01AVCH24LV95D.FixpunkteKategorie2.LFP2Symbol
Info: e_rusw.itf: DM01AVCH24LV95D.FixpunkteKategorie3
Info:    5199 objects in CLASS DM01AVCH24LV95D.FixpunkteKategorie3.LFP3
Info:      33 objects in CLASS DM01AVCH24LV95D.FixpunkteKategorie3.LFP3Nachfuehrung
Info:    5199 objects in CLASS DM01AVCH24LV95D.FixpunkteKategorie3.LFP3Pos
Info:    5199 objects in CLASS DM01AVCH24LV95D.FixpunkteKategorie3.LFP3Symbol
Info: e_rusw.itf: DM01AVCH24LV95D.Gebaeudeadressen
Info:     191 objects in CLASS DM01AVCH24LV95D.Gebaeudeadressen.BenanntesGebiet
Info:      38 objects in CLASS DM01AVCH24LV95D.Gebaeudeadressen.GEBNachfuehrung
Info:    1467 objects in CLASS DM01AVCH24LV95D.Gebaeudeadressen.Gebaeudeeingang
Info:    1339 objects in CLASS DM01AVCH24LV95D.Gebaeudeadressen.HausnummerPos
Info:     302 objects in CLASS DM01AVCH24LV95D.Gebaeudeadressen.Lokalisation
Info:     302 objects in CLASS DM01AVCH24LV95D.Gebaeudeadressen.LokalisationsName
Info:     363 objects in CLASS DM01AVCH24LV95D.Gebaeudeadressen.LokalisationsNamePos
Info:     234 objects in CLASS DM01AVCH24LV95D.Gebaeudeadressen.Strassenstueck
Info: e_rusw.itf: DM01AVCH24LV95D.Gemeindegrenzen
Info:       4 objects in CLASS DM01AVCH24LV95D.Gemeindegrenzen.GEMNachfuehrung
Info:       1 objects in CLASS DM01AVCH24LV95D.Gemeindegrenzen.Gemeinde
Info:       1 objects in CLASS DM01AVCH24LV95D.Gemeindegrenzen.Gemeindegrenze
Info:      61 objects in CLASS DM01AVCH24LV95D.Gemeindegrenzen.Hoheitsgrenzpunkt
Info:      61 objects in CLASS DM01AVCH24LV95D.Gemeindegrenzen.HoheitsgrenzpunktPos
Info:      61 objects in CLASS DM01AVCH24LV95D.Gemeindegrenzen.HoheitsgrenzpunktSymbol
Info: e_rusw.itf: DM01AVCH24LV95D.Hoehen
Info: e_rusw.itf: DM01AVCH24LV95D.Kantonsgrenzen
Info: e_rusw.itf: DM01AVCH24LV95D.Landesgrenzen
Info: e_rusw.itf: DM01AVCH24LV95D.Liegenschaften
Info:   21560 objects in CLASS DM01AVCH24LV95D.Liegenschaften.Grenzpunkt
Info:   21560 objects in CLASS DM01AVCH24LV95D.Liegenschaften.GrenzpunktPos
Info:   21560 objects in CLASS DM01AVCH24LV95D.Liegenschaften.GrenzpunktSymbol
Info:    2483 objects in CLASS DM01AVCH24LV95D.Liegenschaften.Grundstueck
Info:    2728 objects in CLASS DM01AVCH24LV95D.Liegenschaften.GrundstueckPos
Info:     535 objects in CLASS DM01AVCH24LV95D.Liegenschaften.LSNachfuehrung
Info:    2466 objects in CLASS DM01AVCH24LV95D.Liegenschaften.Liegenschaft
Info:      14 objects in CLASS DM01AVCH24LV95D.Liegenschaften.ProjGrundstueck
Info:      17 objects in CLASS DM01AVCH24LV95D.Liegenschaften.ProjGrundstueckPos
Info:      13 objects in CLASS DM01AVCH24LV95D.Liegenschaften.ProjLiegenschaft
Info:       1 objects in CLASS DM01AVCH24LV95D.Liegenschaften.ProjSelbstRecht
Info:      17 objects in CLASS DM01AVCH24LV95D.Liegenschaften.SelbstRecht
Info: e_rusw.itf: DM01AVCH24LV95D.Nomenklatur
Info:     535 objects in CLASS DM01AVCH24LV95D.Nomenklatur.Flurname
Info:     577 objects in CLASS DM01AVCH24LV95D.Nomenklatur.FlurnamePos
Info:       9 objects in CLASS DM01AVCH24LV95D.Nomenklatur.NKNachfuehrung
Info: e_rusw.itf: DM01AVCH24LV95D.Nummerierungsbereiche
Info:      14 objects in CLASS DM01AVCH24LV95D.Nummerierungsbereiche.NBGeometrie
Info:      14 objects in CLASS DM01AVCH24LV95D.Nummerierungsbereiche.Nummerierungsbereich
Info:      14 objects in CLASS DM01AVCH24LV95D.Nummerierungsbereiche.NummerierungsbereichPos
Info: e_rusw.itf: DM01AVCH24LV95D.PLZOrtschaft
Info:       1 objects in CLASS DM01AVCH24LV95D.PLZOrtschaft.OSNachfuehrung
Info:       9 objects in CLASS DM01AVCH24LV95D.PLZOrtschaft.Ortschaft
Info:       9 objects in CLASS DM01AVCH24LV95D.PLZOrtschaft.OrtschaftsName
Info:       9 objects in CLASS DM01AVCH24LV95D.PLZOrtschaft.OrtschaftsName_Pos
Info:       1 objects in CLASS DM01AVCH24LV95D.PLZOrtschaft.OrtschaftsVerbund
Info:       1 objects in CLASS DM01AVCH24LV95D.PLZOrtschaft.OrtschaftsVerbundText
Info:       9 objects in CLASS DM01AVCH24LV95D.PLZOrtschaft.PLZ6
Info:       1 objects in CLASS DM01AVCH24LV95D.PLZOrtschaft.PLZ6Nachfuehrung
Info: e_rusw.itf: DM01AVCH24LV95D.Planeinteilungen
Info:      64 objects in CLASS DM01AVCH24LV95D.Planeinteilungen.Plan
Info:      65 objects in CLASS DM01AVCH24LV95D.Planeinteilungen.PlanPos
Info:      65 objects in CLASS DM01AVCH24LV95D.Planeinteilungen.Plangeometrie
Info: e_rusw.itf: DM01AVCH24LV95D.Planrahmen
Info:      65 objects in CLASS DM01AVCH24LV95D.Planrahmen.Darstellungsflaeche
Info:      64 objects in CLASS DM01AVCH24LV95D.Planrahmen.PlanLayout
Info:    4182 objects in CLASS DM01AVCH24LV95D.Planrahmen.Planbeschriftung
Info:    4182 objects in CLASS DM01AVCH24LV95D.Planrahmen.PlanbeschriftungPos
Info: e_rusw.itf: DM01AVCH24LV95D.Rohrleitungen
Info:       3 objects in CLASS DM01AVCH24LV95D.Rohrleitungen.Leitungsobjekt
Info:      28 objects in CLASS DM01AVCH24LV95D.Rohrleitungen.LeitungsobjektPos
Info:       6 objects in CLASS DM01AVCH24LV95D.Rohrleitungen.Linienelement
Info:       2 objects in CLASS DM01AVCH24LV95D.Rohrleitungen.RLNachfuehrung
Info: e_rusw.itf: DM01AVCH24LV95D.Rutschgebiete
Info: e_rusw.itf: DM01AVCH24LV95D.TSEinteilung
Info:       6 objects in CLASS DM01AVCH24LV95D.TSEinteilung.Toleranzstufe
Info:       6 objects in CLASS DM01AVCH24LV95D.TSEinteilung.ToleranzstufePos
Info: ...import done
